Using pre-set license
Built from '2020.3/staging' branch; Version is '2020.3.0f1 (c7b5465681fb) revision 13088070'; Using compiler version '192528614'; Build Type 'Release'
OS: 'Windows 10 Pro; OS build 19042.1110; Version 2009; 64bit' Language: 'tr' Physical Memory: 16268 MB
BatchMode: 1, IsHumanControllingUs: 0, StartBugReporterOnCrash: 0, Is64bit: 1, IsPro: 0

 COMMAND LINE ARGUMENTS:
D:\UnityEditors\2020.3.0f1\Editor\Unity.exe
-adb2
-batchMode
-noUpm
-name
AssetImportWorker0
-projectPath
D:/UnityProjects/Dynamic Buttons
-logFile
Logs/AssetImportWorker0.log
-srvPort
65278
Successfully changed project path to: D:/UnityProjects/Dynamic Buttons
D:/UnityProjects/Dynamic Buttons
Using Asset Import Pipeline V2.
Refreshing native plugins compatible for Editor in 41.68 ms, found 1 plugins.
Preloading 0 native plugins for Editor in 0.00 ms.
Initialize engine version: 2020.3.0f1 (c7b5465681fb)
[Subsystems] Discovering subsystems at path D:/UnityEditors/2020.3.0f1/Editor/Data/Resources/UnitySubsystems
[Subsystems] Discovering subsystems at path D:/UnityProjects/Dynamic Buttons/Assets
GfxDevice: creating device client; threaded=0
Direct3D:
    Version:  Direct3D 11.0 [level 11.1]
    Renderer: NVIDIA GeForce GTX 1050 (ID=0x1c8d)
    Vendor:   
    VRAM:     4021 MB
    Driver:   27.21.14.6611
Initialize mono
Mono path[0] = 'D:/UnityEditors/2020.3.0f1/Editor/Data/Managed'
Mono path[1] = 'D:/UnityEditors/2020.3.0f1/Editor/Data/MonoBleedingEdge/lib/mono/unityjit'
Mono config path = 'D:/UnityEditors/2020.3.0f1/Editor/Data/MonoBleedingEdge/etc'
Using monoOptions --debugger-agent=transport=dt_socket,embedding=1,server=y,suspend=n,address=127.0.0.1:56408
Begin MonoManager ReloadAssembly
Registering precompiled unity dll's ...
Register platform support module: D:/UnityEditors/2020.3.0f1/Editor/Data/PlaybackEngines/WindowsStandaloneSupport/UnityEditor.WindowsStandalone.Extensions.dll
Registered in 0.001636 seconds.
Native extension for WindowsStandalone target not found
Refreshing native plugins compatible for Editor in 44.86 ms, found 1 plugins.
Preloading 0 native plugins for Editor in 0.00 ms.
Invoked RoslynAnalysisRunner static constructor.
RoslynAnalysisRunner will not be running.
RoslynAnalysisRunner has terminated.
Mono: successfully reloaded assembly
- Completed reload, in  1.598 seconds
Platform modules already initialized, skipping
Registering precompiled user dll's ...
Registered in 0.000875 seconds.
Begin MonoManager ReloadAssembly
Native extension for WindowsStandalone target not found
Refreshing native plugins compatible for Editor in 38.26 ms, found 1 plugins.
Preloading 0 native plugins for Editor in 0.00 ms.
Invoked RoslynAnalysisRunner static constructor.
RoslynAnalysisRunner will not be running.
RoslynAnalysisRunner has terminated.
Mono: successfully reloaded assembly
- Completed reload, in  1.010 seconds
Platform modules already initialized, skipping
========================================================================
Worker process is ready to serve import requests
Launched and connected shader compiler UnityShaderCompiler.exe after 0.06 seconds
Refreshing native plugins compatible for Editor in 0.38 ms, found 1 plugins.
Preloading 0 native plugins for Editor in 0.00 ms.
Unloading 1806 Unused Serialized files (Serialized files now loaded: 0)
System memory in use before: 84.5 MB.
System memory in use after: 84.5 MB.

Unloading 24 unused Assets to reduce memory usage. Loaded Objects now: 2248.
Total: 2.298400 ms (FindLiveObjects: 0.219000 ms CreateObjectMapping: 0.158800 ms MarkObjects: 1.747800 ms  DeleteObjects: 0.171500 ms)

========================================================================
Received Import Request.
  path: Assets/Scenes
  artifactKey: Guid(89e202875eb70a2408a276381c5d2a36) Importer(815301076,1909f56bfc062723c751e8b465ee728b)
Start importing Assets/Scenes using Guid(89e202875eb70a2408a276381c5d2a36) Importer(815301076,1909f56bfc062723c751e8b465ee728b)  -> (artifact id: 'd4bd2da44313546c58d759914a8547ef') in 0.009989 seconds
  Import took 0.013020 seconds .

========================================================================
Received Import Request.
  Time since last request: 4.890465 seconds.
  path: Assets
  artifactKey: Guid(00000000000000001000000000000000) Importer(815301076,1909f56bfc062723c751e8b465ee728b)
Start importing Assets using Guid(00000000000000001000000000000000) Importer(815301076,1909f56bfc062723c751e8b465ee728b)  -> (artifact id: '42baae205c97e3337697759514652acd') in 0.009318 seconds
  Import took 0.013199 seconds .

========================================================================
Received Import Request.
  Time since last request: 5.070113 seconds.
  path: Assets/Scripts
  artifactKey: Guid(3314a55644adb264ca03f2b6656f94c8) Importer(815301076,1909f56bfc062723c751e8b465ee728b)
Start importing Assets/Scripts using Guid(3314a55644adb264ca03f2b6656f94c8) Importer(815301076,1909f56bfc062723c751e8b465ee728b)  -> (artifact id: '65a29eac3be948d8e5aa6a8382a149ab') in 0.008719 seconds
  Import took 0.013230 seconds .

========================================================================
Received Import Request.
  Time since last request: 7.732718 seconds.
  path: Assets/Prefabs
  artifactKey: Guid(d891fe98730a7594ea128837cc2dbfd7) Importer(815301076,1909f56bfc062723c751e8b465ee728b)
Start importing Assets/Prefabs using Guid(d891fe98730a7594ea128837cc2dbfd7) Importer(815301076,1909f56bfc062723c751e8b465ee728b)  -> (artifact id: 'cc2b79a993cf8b78578933582ec17c92') in 0.010036 seconds
  Import took 0.014072 seconds .

========================================================================
Received Import Request.
  Time since last request: 91.684831 seconds.
  path: Assets/Scripts/DynamicButtonScript.cs
  artifactKey: Guid(bb7d5e7d453718d469cc7d39bec66726) Importer(815301076,1909f56bfc062723c751e8b465ee728b)
Start importing Assets/Scripts/DynamicButtonScript.cs using Guid(bb7d5e7d453718d469cc7d39bec66726) Importer(815301076,1909f56bfc062723c751e8b465ee728b)  -> (artifact id: '21c1901e32a48611ceb334b8b68534c8') in 0.045597 seconds
  Import took 0.050011 seconds .

========================================================================
Received Prepare
Registering precompiled user dll's ...
Registered in 0.000958 seconds.
Begin MonoManager ReloadAssembly
Native extension for WindowsStandalone target not found
Refreshing native plugins compatible for Editor in 0.37 ms, found 1 plugins.
Preloading 0 native plugins for Editor in 0.00 ms.
Invoked RoslynAnalysisRunner static constructor.
RoslynAnalysisRunner will not be running.
RoslynAnalysisRunner has terminated.
Mono: successfully reloaded assembly
- Completed reload, in  1.033 seconds
Platform modules already initialized, skipping
Refreshing native plugins compatible for Editor in 0.44 ms, found 1 plugins.
Preloading 0 native plugins for Editor in 0.00 ms.
Unloading 1802 Unused Serialized files (Serialized files now loaded: 0)
System memory in use before: 84.5 MB.
System memory in use after: 84.5 MB.

Unloading 12 unused Assets to reduce memory usage. Loaded Objects now: 2253.
Total: 3.723500 ms (FindLiveObjects: 0.260900 ms CreateObjectMapping: 0.105000 ms MarkObjects: 3.218800 ms  DeleteObjects: 0.137000 ms)

========================================================================
Received Prepare
Registering precompiled user dll's ...
Registered in 0.001408 seconds.
Begin MonoManager ReloadAssembly
Native extension for WindowsStandalone target not found
Refreshing native plugins compatible for Editor in 0.34 ms, found 1 plugins.
Preloading 0 native plugins for Editor in 0.00 ms.
Invoked RoslynAnalysisRunner static constructor.
RoslynAnalysisRunner will not be running.
RoslynAnalysisRunner has terminated.
Mono: successfully reloaded assembly
- Completed reload, in  0.992 seconds
Platform modules already initialized, skipping
Refreshing native plugins compatible for Editor in 0.35 ms, found 1 plugins.
Preloading 0 native plugins for Editor in 0.00 ms.
Unloading 1802 Unused Serialized files (Serialized files now loaded: 0)
System memory in use before: 84.6 MB.
System memory in use after: 84.5 MB.

Unloading 12 unused Assets to reduce memory usage. Loaded Objects now: 2257.
Total: 2.426400 ms (FindLiveObjects: 0.191600 ms CreateObjectMapping: 0.070100 ms MarkObjects: 2.006200 ms  DeleteObjects: 0.157300 ms)

========================================================================
Received Import Request.
  Time since last request: 83.289455 seconds.
  path: Assets/Scripts/DynamicButtonScript.cs
  artifactKey: Guid(bb7d5e7d453718d469cc7d39bec66726) Importer(815301076,1909f56bfc062723c751e8b465ee728b)
Start importing Assets/Scripts/DynamicButtonScript.cs using Guid(bb7d5e7d453718d469cc7d39bec66726) Importer(815301076,1909f56bfc062723c751e8b465ee728b)  -> (artifact id: '05d205f5fd3556a8080b327b86a9c9c5') in 0.005258 seconds
  Import took 0.008849 seconds .

========================================================================
Received Import Request.
  Time since last request: 235.341322 seconds.
  path: Assets/Prefabs/Dynamic Button Prefab.prefab
  artifactKey: Guid(7ac6fd7fcc8bf4b468643eca2b9612d3) Importer(815301076,1909f56bfc062723c751e8b465ee728b)
Start importing Assets/Prefabs/Dynamic Button Prefab.prefab using Guid(7ac6fd7fcc8bf4b468643eca2b9612d3) Importer(815301076,1909f56bfc062723c751e8b465ee728b)  -> (artifact id: '5c4beab2f14f043cef8740c74c74ea06') in 0.059839 seconds
  Import took 0.064850 seconds .

========================================================================
Received Prepare
Registering precompiled user dll's ...
Registered in 0.001283 seconds.
Begin MonoManager ReloadAssembly
Native extension for WindowsStandalone target not found
Refreshing native plugins compatible for Editor in 0.34 ms, found 1 plugins.
Preloading 0 native plugins for Editor in 0.00 ms.
Invoked RoslynAnalysisRunner static constructor.
RoslynAnalysisRunner will not be running.
RoslynAnalysisRunner has terminated.
Mono: successfully reloaded assembly
- Completed reload, in  0.962 seconds
Platform modules already initialized, skipping
Refreshing native plugins compatible for Editor in 0.33 ms, found 1 plugins.
Preloading 0 native plugins for Editor in 0.00 ms.
Unloading 1802 Unused Serialized files (Serialized files now loaded: 0)
System memory in use before: 84.7 MB.
System memory in use after: 84.7 MB.

Unloading 13 unused Assets to reduce memory usage. Loaded Objects now: 2263.
Total: 2.366300 ms (FindLiveObjects: 0.314800 ms CreateObjectMapping: 0.118800 ms MarkObjects: 1.743100 ms  DeleteObjects: 0.188100 ms)

========================================================================
Received Prepare
Registering precompiled user dll's ...
Registered in 0.001028 seconds.
Begin MonoManager ReloadAssembly
Native extension for WindowsStandalone target not found
Refreshing native plugins compatible for Editor in 0.69 ms, found 1 plugins.
Preloading 0 native plugins for Editor in 0.00 ms.
Invoked RoslynAnalysisRunner static constructor.
RoslynAnalysisRunner will not be running.
RoslynAnalysisRunner has terminated.
Mono: successfully reloaded assembly
- Completed reload, in  1.006 seconds
Platform modules already initialized, skipping
Refreshing native plugins compatible for Editor in 0.34 ms, found 1 plugins.
Preloading 0 native plugins for Editor in 0.00 ms.
Unloading 1802 Unused Serialized files (Serialized files now loaded: 0)
System memory in use before: 84.7 MB.
System memory in use after: 84.7 MB.

Unloading 12 unused Assets to reduce memory usage. Loaded Objects now: 2267.
Total: 2.894400 ms (FindLiveObjects: 0.264600 ms CreateObjectMapping: 0.081000 ms MarkObjects: 2.362700 ms  DeleteObjects: 0.185000 ms)

========================================================================
Received Prepare
Registering precompiled user dll's ...
Registered in 0.001164 seconds.
Begin MonoManager ReloadAssembly
Native extension for WindowsStandalone target not found
Refreshing native plugins compatible for Editor in 0.40 ms, found 1 plugins.
Preloading 0 native plugins for Editor in 0.00 ms.
Invoked RoslynAnalysisRunner static constructor.
RoslynAnalysisRunner will not be running.
RoslynAnalysisRunner has terminated.
Mono: successfully reloaded assembly
- Completed reload, in  1.002 seconds
Platform modules already initialized, skipping
Refreshing native plugins compatible for Editor in 0.36 ms, found 1 plugins.
Preloading 0 native plugins for Editor in 0.00 ms.
Unloading 1802 Unused Serialized files (Serialized files now loaded: 0)
System memory in use before: 84.7 MB.
System memory in use after: 84.7 MB.

Unloading 12 unused Assets to reduce memory usage. Loaded Objects now: 2271.
Total: 2.560100 ms (FindLiveObjects: 0.285600 ms CreateObjectMapping: 0.104800 ms MarkObjects: 2.053800 ms  DeleteObjects: 0.114700 ms)

========================================================================
Received Import Request.
  Time since last request: 901.683368 seconds.
  path: Assets/Prefabs/Dynamic Button Prefab.prefab
  artifactKey: Guid(7ac6fd7fcc8bf4b468643eca2b9612d3) Importer(815301076,1909f56bfc062723c751e8b465ee728b)
Start importing Assets/Prefabs/Dynamic Button Prefab.prefab using Guid(7ac6fd7fcc8bf4b468643eca2b9612d3) Importer(815301076,1909f56bfc062723c751e8b465ee728b)  -> (artifact id: '6542a6432f73bc7bb2c94dd383ee7b6f') in 0.057189 seconds
  Import took 0.062264 seconds .

========================================================================
Received Import Request.
  Time since last request: 8.707727 seconds.
  path: Assets/Prefabs/Dynamic Button Prefab.prefab
  artifactKey: Guid(7ac6fd7fcc8bf4b468643eca2b9612d3) Importer(815301076,1909f56bfc062723c751e8b465ee728b)
Start importing Assets/Prefabs/Dynamic Button Prefab.prefab using Guid(7ac6fd7fcc8bf4b468643eca2b9612d3) Importer(815301076,1909f56bfc062723c751e8b465ee728b)  -> (artifact id: 'a538ed9ccc18969be87c1a52e03103e6') in 0.004511 seconds
  Import took 0.009240 seconds .

========================================================================
Received Import Request.
  Time since last request: 0.001606 seconds.
  path: Assets/Prefabs/Dynamic Button Prefab.prefab
  artifactKey: Guid(7ac6fd7fcc8bf4b468643eca2b9612d3) Importer(815301076,1909f56bfc062723c751e8b465ee728b)
Start importing Assets/Prefabs/Dynamic Button Prefab.prefab using Guid(7ac6fd7fcc8bf4b468643eca2b9612d3) Importer(815301076,1909f56bfc062723c751e8b465ee728b)  -> (artifact id: 'a538ed9ccc18969be87c1a52e03103e6') in 0.004047 seconds
  Import took 0.007277 seconds .

========================================================================
Received Import Request.
  Time since last request: 277.602415 seconds.
  path: Assets/Prefabs/Dynamic Button Prefab.prefab
  artifactKey: Guid(7ac6fd7fcc8bf4b468643eca2b9612d3) Importer(815301076,1909f56bfc062723c751e8b465ee728b)
Start importing Assets/Prefabs/Dynamic Button Prefab.prefab using Guid(7ac6fd7fcc8bf4b468643eca2b9612d3) Importer(815301076,1909f56bfc062723c751e8b465ee728b)  -> (artifact id: '565bf45b0acadd933775588931133d1f') in 0.004556 seconds
  Import took 0.008924 seconds .

========================================================================
Received Import Request.
  Time since last request: 0.003094 seconds.
  path: Assets/Prefabs/Dynamic Button Prefab.prefab
  artifactKey: Guid(7ac6fd7fcc8bf4b468643eca2b9612d3) Importer(815301076,1909f56bfc062723c751e8b465ee728b)
Start importing Assets/Prefabs/Dynamic Button Prefab.prefab using Guid(7ac6fd7fcc8bf4b468643eca2b9612d3) Importer(815301076,1909f56bfc062723c751e8b465ee728b)  -> (artifact id: '565bf45b0acadd933775588931133d1f') in 0.003906 seconds
  Import took 0.008029 seconds .

========================================================================
Received Prepare
Registering precompiled user dll's ...
Registered in 0.000903 seconds.
Begin MonoManager ReloadAssembly
Native extension for WindowsStandalone target not found
Refreshing native plugins compatible for Editor in 0.34 ms, found 1 plugins.
Preloading 0 native plugins for Editor in 0.00 ms.
Invoked RoslynAnalysisRunner static constructor.
RoslynAnalysisRunner will not be running.
RoslynAnalysisRunner has terminated.
Mono: successfully reloaded assembly
- Completed reload, in  0.958 seconds
Platform modules already initialized, skipping
Refreshing native plugins compatible for Editor in 0.38 ms, found 1 plugins.
Preloading 0 native plugins for Editor in 0.00 ms.
Unloading 1802 Unused Serialized files (Serialized files now loaded: 0)
System memory in use before: 84.7 MB.
System memory in use after: 84.7 MB.

Unloading 13 unused Assets to reduce memory usage. Loaded Objects now: 2275.
Total: 2.748400 ms (FindLiveObjects: 0.484700 ms CreateObjectMapping: 0.159000 ms MarkObjects: 1.931700 ms  DeleteObjects: 0.171700 ms)

========================================================================
Received Prepare
Registering precompiled user dll's ...
Registered in 0.000925 seconds.
Begin MonoManager ReloadAssembly
Native extension for WindowsStandalone target not found
Refreshing native plugins compatible for Editor in 0.41 ms, found 1 plugins.
Preloading 0 native plugins for Editor in 0.00 ms.
Invoked RoslynAnalysisRunner static constructor.
RoslynAnalysisRunner will not be running.
RoslynAnalysisRunner has terminated.
Mono: successfully reloaded assembly
- Completed reload, in  0.914 seconds
Platform modules already initialized, skipping
Refreshing native plugins compatible for Editor in 0.34 ms, found 1 plugins.
Preloading 0 native plugins for Editor in 0.00 ms.
Unloading 1802 Unused Serialized files (Serialized files now loaded: 0)
System memory in use before: 84.7 MB.
System memory in use after: 84.7 MB.

Unloading 12 unused Assets to reduce memory usage. Loaded Objects now: 2279.
Total: 2.797400 ms (FindLiveObjects: 0.433600 ms CreateObjectMapping: 0.209300 ms MarkObjects: 1.980300 ms  DeleteObjects: 0.172400 ms)

========================================================================
Received Prepare
Registering precompiled user dll's ...
Registered in 0.000930 seconds.
Begin MonoManager ReloadAssembly
Native extension for WindowsStandalone target not found
Refreshing native plugins compatible for Editor in 0.35 ms, found 1 plugins.
Preloading 0 native plugins for Editor in 0.00 ms.
Invoked RoslynAnalysisRunner static constructor.
RoslynAnalysisRunner will not be running.
RoslynAnalysisRunner has terminated.
Mono: successfully reloaded assembly
- Completed reload, in  0.933 seconds
Platform modules already initialized, skipping
Refreshing native plugins compatible for Editor in 0.34 ms, found 1 plugins.
Preloading 0 native plugins for Editor in 0.00 ms.
Unloading 1802 Unused Serialized files (Serialized files now loaded: 0)
System memory in use before: 84.7 MB.
System memory in use after: 84.7 MB.

Unloading 12 unused Assets to reduce memory usage. Loaded Objects now: 2283.
Total: 3.181100 ms (FindLiveObjects: 0.456000 ms CreateObjectMapping: 0.066700 ms MarkObjects: 2.547600 ms  DeleteObjects: 0.108100 ms)

AssetImportWorkerClient::OnTransportError - code=2 error=End of file
